2024-07-10 11:52:47.749 +06:00 [INF] application is starting
2024-07-10 11:52:49.812 +06:00 [INF] Server=DESKTOP-5ALLRCU\SQLEXPRESS;Database=Blog;Trusted_Connection=True;TrustServerCertificate=True;MultipleActiveResultSets=true
2024-07-10 11:52:55.550 +06:00 [INF] index
2024-07-10 12:08:18.456 +06:00 [INF] application is starting
2024-07-10 12:08:19.925 +06:00 [INF] Server=DESKTOP-5ALLRCU\SQLEXPRESS;Database=Blog;Trusted_Connection=True;TrustServerCertificate=True;MultipleActiveResultSets=true
2024-07-10 12:08:25.694 +06:00 [INF] index
2024-07-10 12:41:32.553 +06:00 [INF] application is starting
2024-07-10 12:41:33.019 +06:00 [INF] Server=DESKTOP-5ALLRCU\SQLEXPRESS;Database=Blog;Trusted_Connection=True;TrustServerCertificate=True;MultipleActiveResultSets=true
2024-07-10 12:41:36.708 +06:00 [INF] index
2024-07-10 13:59:04.390 +06:00 [INF] application is starting
2024-07-10 13:59:04.832 +06:00 [INF] Server=DESKTOP-5ALLRCU\SQLEXPRESS;Database=Blog;Trusted_Connection=True;TrustServerCertificate=True;MultipleActiveResultSets=true
2024-07-10 13:59:06.843 +06:00 [INF] index
2024-07-10 13:59:25.727 +06:00 [ERR] An unhandled exception has occurred while executing the request.
System.InvalidOperationException: Unable to resolve service for type 'Blog.Infrastructure.Repositories.BlogPostRepository' while attempting to activate 'Blog.Web.Areas.Admin.Controllers.BlogPostController'.
   at Microsoft.Extensions.DependencyInjection.ActivatorUtilities.ThrowHelperUnableToResolveService(Type type, Type requiredBy)
   at lambda_method636(Closure, IServiceProvider, Object[])
   at Microsoft.AspNetCore.Mvc.Controllers.ControllerFactoryProvider.<>c__DisplayClass6_0.<CreateControllerFactory>g__CreateController|0(ControllerContext controllerContext)
   at Microsoft.AspNetCore.Mvc.Infrastructure.ControllerActionInvoker.Next(State& next, Scope& scope, Object& state, Boolean& isCompleted)
   at Microsoft.AspNetCore.Mvc.Infrastructure.ControllerActionInvoker.InvokeInnerFilterAsync()
--- End of stack trace from previous location ---
   at Microsoft.AspNetCore.Mvc.Infrastructure.ResourceInvoker.<InvokeNextResourceFilter>g__Awaited|25_0(ResourceInvoker invoker, Task lastTask, State next, Scope scope, Object state, Boolean isCompleted)
   at Microsoft.AspNetCore.Mvc.Infrastructure.ResourceInvoker.Rethrow(ResourceExecutedContextSealed context)
   at Microsoft.AspNetCore.Mvc.Infrastructure.ResourceInvoker.Next(State& next, Scope& scope, Object& state, Boolean& isCompleted)
   at Microsoft.AspNetCore.Mvc.Infrastructure.ResourceInvoker.InvokeFilterPipelineAsync()
--- End of stack trace from previous location ---
   at Microsoft.AspNetCore.Mvc.Infrastructure.ResourceInvoker.<InvokeAsync>g__Awaited|17_0(ResourceInvoker invoker, Task task, IDisposable scope)
   at Microsoft.AspNetCore.Mvc.Infrastructure.ResourceInvoker.<InvokeAsync>g__Awaited|17_0(ResourceInvoker invoker, Task task, IDisposable scope)
   at Microsoft.AspNetCore.Authorization.AuthorizationMiddleware.Invoke(HttpContext context)
   at Microsoft.AspNetCore.Authentication.AuthenticationMiddleware.Invoke(HttpContext context)
   at Microsoft.AspNetCore.Diagnostics.DeveloperExceptionPageMiddlewareImpl.Invoke(HttpContext context)
