2024-08-11 16:02:48.437 +06:00 [INF] application is starting
2024-08-11 16:02:48.854 +06:00 [INF] Server=DESKTOP-5ALLRCU\SQLEXPRESS;Database=Blog;Trusted_Connection=True;TrustServerCertificate=True;MultipleActiveResultSets=true
2024-08-11 16:02:49.354 +06:00 [FTL] failed to start the Program
Microsoft.Extensions.Hosting.HostAbortedException: The host was aborted.
   at Microsoft.Extensions.Hosting.HostFactoryResolver.HostingListener.ThrowHostAborted()
   at Microsoft.Extensions.Hosting.HostFactoryResolver.HostingListener.OnNext(KeyValuePair`2 value)
   at System.Diagnostics.DiagnosticListener.Write(String name, Object value)
   at Microsoft.Extensions.Hosting.HostBuilder.ResolveHost(IServiceProvider serviceProvider, DiagnosticListener diagnosticListener)
   at Microsoft.Extensions.Hosting.HostApplicationBuilder.Build()
   at Microsoft.AspNetCore.Builder.WebApplicationBuilder.Build()
   at Program.<Main>$(String[] args) in E:\Aspnet-B10\Blog.Web\Blog\Blog.Web\Program.cs:line 99
2024-08-11 16:10:26.840 +06:00 [INF] application is starting
2024-08-11 16:10:27.432 +06:00 [INF] Server=DESKTOP-5ALLRCU\SQLEXPRESS;Database=Blog;Trusted_Connection=True;TrustServerCertificate=True;MultipleActiveResultSets=true
2024-08-11 16:10:28.133 +06:00 [FTL] failed to start the Program
Microsoft.Extensions.Hosting.HostAbortedException: The host was aborted.
   at Microsoft.Extensions.Hosting.HostFactoryResolver.HostingListener.ThrowHostAborted()
   at Microsoft.Extensions.Hosting.HostFactoryResolver.HostingListener.OnNext(KeyValuePair`2 value)
   at System.Diagnostics.DiagnosticListener.Write(String name, Object value)
   at Microsoft.Extensions.Hosting.HostBuilder.ResolveHost(IServiceProvider serviceProvider, DiagnosticListener diagnosticListener)
   at Microsoft.Extensions.Hosting.HostApplicationBuilder.Build()
   at Microsoft.AspNetCore.Builder.WebApplicationBuilder.Build()
   at Program.<Main>$(String[] args) in E:\Aspnet-B10\Blog.Web\Blog\Blog.Web\Program.cs:line 99
2024-08-11 16:30:49.367 +06:00 [INF] application is starting
2024-08-11 16:30:49.618 +06:00 [INF] Server=DESKTOP-5ALLRCU\SQLEXPRESS;Database=Blog;Trusted_Connection=True;TrustServerCertificate=True;MultipleActiveResultSets=true
2024-08-11 16:30:50.038 +06:00 [FTL] failed to start the Program
Microsoft.Extensions.Hosting.HostAbortedException: The host was aborted.
   at Microsoft.Extensions.Hosting.HostFactoryResolver.HostingListener.ThrowHostAborted()
   at Microsoft.Extensions.Hosting.HostFactoryResolver.HostingListener.OnNext(KeyValuePair`2 value)
   at System.Diagnostics.DiagnosticListener.Write(String name, Object value)
   at Microsoft.Extensions.Hosting.HostBuilder.ResolveHost(IServiceProvider serviceProvider, DiagnosticListener diagnosticListener)
   at Microsoft.Extensions.Hosting.HostApplicationBuilder.Build()
   at Microsoft.AspNetCore.Builder.WebApplicationBuilder.Build()
   at Program.<Main>$(String[] args) in E:\Aspnet-B10\Blog.Web\Blog\Blog.Web\Program.cs:line 99
2024-08-11 16:31:11.114 +06:00 [INF] application is starting
2024-08-11 16:31:11.213 +06:00 [INF] Server=DESKTOP-5ALLRCU\SQLEXPRESS;Database=Blog;Trusted_Connection=True;TrustServerCertificate=True;MultipleActiveResultSets=true
2024-08-11 16:31:11.443 +06:00 [FTL] failed to start the Program
Microsoft.Extensions.Hosting.HostAbortedException: The host was aborted.
   at Microsoft.Extensions.Hosting.HostFactoryResolver.HostingListener.ThrowHostAborted()
   at Microsoft.Extensions.Hosting.HostFactoryResolver.HostingListener.OnNext(KeyValuePair`2 value)
   at System.Diagnostics.DiagnosticListener.Write(String name, Object value)
   at Microsoft.Extensions.Hosting.HostBuilder.ResolveHost(IServiceProvider serviceProvider, DiagnosticListener diagnosticListener)
   at Microsoft.Extensions.Hosting.HostApplicationBuilder.Build()
   at Microsoft.AspNetCore.Builder.WebApplicationBuilder.Build()
   at Program.<Main>$(String[] args) in E:\Aspnet-B10\Blog.Web\Blog\Blog.Web\Program.cs:line 99
2024-08-11 16:46:26.144 +06:00 [INF] application is starting
2024-08-11 16:46:26.391 +06:00 [INF] Server=DESKTOP-5ALLRCU\SQLEXPRESS;Database=Blog;Trusted_Connection=True;TrustServerCertificate=True;MultipleActiveResultSets=true
2024-08-11 16:46:26.816 +06:00 [FTL] failed to start the Program
Microsoft.Extensions.Hosting.HostAbortedException: The host was aborted.
   at Microsoft.Extensions.Hosting.HostFactoryResolver.HostingListener.ThrowHostAborted()
   at Microsoft.Extensions.Hosting.HostFactoryResolver.HostingListener.OnNext(KeyValuePair`2 value)
   at System.Diagnostics.DiagnosticListener.Write(String name, Object value)
   at Microsoft.Extensions.Hosting.HostBuilder.ResolveHost(IServiceProvider serviceProvider, DiagnosticListener diagnosticListener)
   at Microsoft.Extensions.Hosting.HostApplicationBuilder.Build()
   at Microsoft.AspNetCore.Builder.WebApplicationBuilder.Build()
   at Program.<Main>$(String[] args) in E:\Aspnet-B10\Blog.Web\Blog\Blog.Web\Program.cs:line 99
2024-08-11 16:52:35.632 +06:00 [INF] application is starting
2024-08-11 16:52:35.953 +06:00 [INF] Server=DESKTOP-5ALLRCU\SQLEXPRESS;Database=Blog;Trusted_Connection=True;TrustServerCertificate=True;MultipleActiveResultSets=true
2024-08-11 16:52:36.393 +06:00 [FTL] failed to start the Program
Microsoft.Extensions.Hosting.HostAbortedException: The host was aborted.
   at Microsoft.Extensions.Hosting.HostFactoryResolver.HostingListener.ThrowHostAborted()
   at Microsoft.Extensions.Hosting.HostFactoryResolver.HostingListener.OnNext(KeyValuePair`2 value)
   at System.Diagnostics.DiagnosticListener.Write(String name, Object value)
   at Microsoft.Extensions.Hosting.HostBuilder.ResolveHost(IServiceProvider serviceProvider, DiagnosticListener diagnosticListener)
   at Microsoft.Extensions.Hosting.HostApplicationBuilder.Build()
   at Microsoft.AspNetCore.Builder.WebApplicationBuilder.Build()
   at Program.<Main>$(String[] args) in E:\Aspnet-B10\Blog.Web\Blog\Blog.Web\Program.cs:line 99
2024-08-11 16:53:43.223 +06:00 [INF] application is starting
2024-08-11 16:53:43.489 +06:00 [INF] Server=DESKTOP-5ALLRCU\SQLEXPRESS;Database=Blog;Trusted_Connection=True;TrustServerCertificate=True;MultipleActiveResultSets=true
2024-08-11 16:53:43.853 +06:00 [FTL] failed to start the Program
Microsoft.Extensions.Hosting.HostAbortedException: The host was aborted.
   at Microsoft.Extensions.Hosting.HostFactoryResolver.HostingListener.ThrowHostAborted()
   at Microsoft.Extensions.Hosting.HostFactoryResolver.HostingListener.OnNext(KeyValuePair`2 value)
   at System.Diagnostics.DiagnosticListener.Write(String name, Object value)
   at Microsoft.Extensions.Hosting.HostBuilder.ResolveHost(IServiceProvider serviceProvider, DiagnosticListener diagnosticListener)
   at Microsoft.Extensions.Hosting.HostApplicationBuilder.Build()
   at Microsoft.AspNetCore.Builder.WebApplicationBuilder.Build()
   at Program.<Main>$(String[] args) in E:\Aspnet-B10\Blog.Web\Blog\Blog.Web\Program.cs:line 99
2024-08-11 16:54:50.702 +06:00 [INF] application is starting
2024-08-11 16:54:50.930 +06:00 [INF] Server=DESKTOP-5ALLRCU\SQLEXPRESS;Database=Blog;Trusted_Connection=True;TrustServerCertificate=True;MultipleActiveResultSets=true
2024-08-11 16:54:51.276 +06:00 [FTL] failed to start the Program
Microsoft.Extensions.Hosting.HostAbortedException: The host was aborted.
   at Microsoft.Extensions.Hosting.HostFactoryResolver.HostingListener.ThrowHostAborted()
   at Microsoft.Extensions.Hosting.HostFactoryResolver.HostingListener.OnNext(KeyValuePair`2 value)
   at System.Diagnostics.DiagnosticListener.Write(String name, Object value)
   at Microsoft.Extensions.Hosting.HostBuilder.ResolveHost(IServiceProvider serviceProvider, DiagnosticListener diagnosticListener)
   at Microsoft.Extensions.Hosting.HostApplicationBuilder.Build()
   at Microsoft.AspNetCore.Builder.WebApplicationBuilder.Build()
   at Program.<Main>$(String[] args) in E:\Aspnet-B10\Blog.Web\Blog\Blog.Web\Program.cs:line 99
2024-08-11 16:57:22.012 +06:00 [INF] application is starting
2024-08-11 16:57:22.097 +06:00 [INF] Server=DESKTOP-5ALLRCU\SQLEXPRESS;Database=Blog;Trusted_Connection=True;TrustServerCertificate=True;MultipleActiveResultSets=true
2024-08-11 16:57:22.288 +06:00 [FTL] failed to start the Program
Microsoft.Extensions.Hosting.HostAbortedException: The host was aborted.
   at Microsoft.Extensions.Hosting.HostFactoryResolver.HostingListener.ThrowHostAborted()
   at Microsoft.Extensions.Hosting.HostFactoryResolver.HostingListener.OnNext(KeyValuePair`2 value)
   at System.Diagnostics.DiagnosticListener.Write(String name, Object value)
   at Microsoft.Extensions.Hosting.HostBuilder.ResolveHost(IServiceProvider serviceProvider, DiagnosticListener diagnosticListener)
   at Microsoft.Extensions.Hosting.HostApplicationBuilder.Build()
   at Microsoft.AspNetCore.Builder.WebApplicationBuilder.Build()
   at Program.<Main>$(String[] args) in E:\Aspnet-B10\Blog.Web\Blog\Blog.Web\Program.cs:line 99
2024-08-11 16:59:01.122 +06:00 [INF] application is starting
2024-08-11 16:59:01.200 +06:00 [INF] Server=DESKTOP-5ALLRCU\SQLEXPRESS;Database=Blog;Trusted_Connection=True;TrustServerCertificate=True;MultipleActiveResultSets=true
2024-08-11 16:59:01.395 +06:00 [FTL] failed to start the Program
Microsoft.Extensions.Hosting.HostAbortedException: The host was aborted.
   at Microsoft.Extensions.Hosting.HostFactoryResolver.HostingListener.ThrowHostAborted()
   at Microsoft.Extensions.Hosting.HostFactoryResolver.HostingListener.OnNext(KeyValuePair`2 value)
   at System.Diagnostics.DiagnosticListener.Write(String name, Object value)
   at Microsoft.Extensions.Hosting.HostBuilder.ResolveHost(IServiceProvider serviceProvider, DiagnosticListener diagnosticListener)
   at Microsoft.Extensions.Hosting.HostApplicationBuilder.Build()
   at Microsoft.AspNetCore.Builder.WebApplicationBuilder.Build()
   at Program.<Main>$(String[] args) in E:\Aspnet-B10\Blog.Web\Blog\Blog.Web\Program.cs:line 99
2024-08-11 17:11:36.466 +06:00 [INF] application is starting
2024-08-11 17:11:36.545 +06:00 [INF] Server=DESKTOP-5ALLRCU\SQLEXPRESS;Database=Blog;Trusted_Connection=True;TrustServerCertificate=True;MultipleActiveResultSets=true
2024-08-11 17:11:36.744 +06:00 [FTL] failed to start the Program
Microsoft.Extensions.Hosting.HostAbortedException: The host was aborted.
   at Microsoft.Extensions.Hosting.HostFactoryResolver.HostingListener.ThrowHostAborted()
   at Microsoft.Extensions.Hosting.HostFactoryResolver.HostingListener.OnNext(KeyValuePair`2 value)
   at System.Diagnostics.DiagnosticListener.Write(String name, Object value)
   at Microsoft.Extensions.Hosting.HostBuilder.ResolveHost(IServiceProvider serviceProvider, DiagnosticListener diagnosticListener)
   at Microsoft.Extensions.Hosting.HostApplicationBuilder.Build()
   at Microsoft.AspNetCore.Builder.WebApplicationBuilder.Build()
   at Program.<Main>$(String[] args) in E:\Aspnet-B10\Blog.Web\Blog\Blog.Web\Program.cs:line 99
2024-08-11 17:12:30.971 +06:00 [INF] application is starting
2024-08-11 17:12:31.059 +06:00 [INF] Server=DESKTOP-5ALLRCU\SQLEXPRESS;Database=Blog;Trusted_Connection=True;TrustServerCertificate=True;MultipleActiveResultSets=true
2024-08-11 17:12:31.245 +06:00 [FTL] failed to start the Program
Microsoft.Extensions.Hosting.HostAbortedException: The host was aborted.
   at Microsoft.Extensions.Hosting.HostFactoryResolver.HostingListener.ThrowHostAborted()
   at Microsoft.Extensions.Hosting.HostFactoryResolver.HostingListener.OnNext(KeyValuePair`2 value)
   at System.Diagnostics.DiagnosticListener.Write(String name, Object value)
   at Microsoft.Extensions.Hosting.HostBuilder.ResolveHost(IServiceProvider serviceProvider, DiagnosticListener diagnosticListener)
   at Microsoft.Extensions.Hosting.HostApplicationBuilder.Build()
   at Microsoft.AspNetCore.Builder.WebApplicationBuilder.Build()
   at Program.<Main>$(String[] args) in E:\Aspnet-B10\Blog.Web\Blog\Blog.Web\Program.cs:line 99
2024-08-11 17:15:08.836 +06:00 [INF] application is starting
2024-08-11 17:15:09.126 +06:00 [INF] Server=DESKTOP-5ALLRCU\SQLEXPRESS;Database=Blog;Trusted_Connection=True;TrustServerCertificate=True;MultipleActiveResultSets=true
2024-08-11 17:15:09.536 +06:00 [FTL] failed to start the Program
Microsoft.Extensions.Hosting.HostAbortedException: The host was aborted.
   at Microsoft.Extensions.Hosting.HostFactoryResolver.HostingListener.ThrowHostAborted()
   at Microsoft.Extensions.Hosting.HostFactoryResolver.HostingListener.OnNext(KeyValuePair`2 value)
   at System.Diagnostics.DiagnosticListener.Write(String name, Object value)
   at Microsoft.Extensions.Hosting.HostBuilder.ResolveHost(IServiceProvider serviceProvider, DiagnosticListener diagnosticListener)
   at Microsoft.Extensions.Hosting.HostApplicationBuilder.Build()
   at Microsoft.AspNetCore.Builder.WebApplicationBuilder.Build()
   at Program.<Main>$(String[] args) in E:\Aspnet-B10\Blog.Web\Blog\Blog.Web\Program.cs:line 99
2024-08-11 17:16:11.029 +06:00 [INF] application is starting
2024-08-11 17:16:11.216 +06:00 [INF] Server=DESKTOP-5ALLRCU\SQLEXPRESS;Database=Blog;Trusted_Connection=True;TrustServerCertificate=True;MultipleActiveResultSets=true
2024-08-11 17:16:11.587 +06:00 [FTL] failed to start the Program
Microsoft.Extensions.Hosting.HostAbortedException: The host was aborted.
   at Microsoft.Extensions.Hosting.HostFactoryResolver.HostingListener.ThrowHostAborted()
   at Microsoft.Extensions.Hosting.HostFactoryResolver.HostingListener.OnNext(KeyValuePair`2 value)
   at System.Diagnostics.DiagnosticListener.Write(String name, Object value)
   at Microsoft.Extensions.Hosting.HostBuilder.ResolveHost(IServiceProvider serviceProvider, DiagnosticListener diagnosticListener)
   at Microsoft.Extensions.Hosting.HostApplicationBuilder.Build()
   at Microsoft.AspNetCore.Builder.WebApplicationBuilder.Build()
   at Program.<Main>$(String[] args) in E:\Aspnet-B10\Blog.Web\Blog\Blog.Web\Program.cs:line 99
2024-08-11 17:28:16.647 +06:00 [INF] application is starting
2024-08-11 17:28:16.875 +06:00 [INF] Server=DESKTOP-5ALLRCU\SQLEXPRESS;Database=Blog;Trusted_Connection=True;TrustServerCertificate=True;MultipleActiveResultSets=true
2024-08-11 17:28:17.346 +06:00 [FTL] failed to start the Program
Microsoft.Extensions.Hosting.HostAbortedException: The host was aborted.
   at Microsoft.Extensions.Hosting.HostFactoryResolver.HostingListener.ThrowHostAborted()
   at Microsoft.Extensions.Hosting.HostFactoryResolver.HostingListener.OnNext(KeyValuePair`2 value)
   at System.Diagnostics.DiagnosticListener.Write(String name, Object value)
   at Microsoft.Extensions.Hosting.HostBuilder.ResolveHost(IServiceProvider serviceProvider, DiagnosticListener diagnosticListener)
   at Microsoft.Extensions.Hosting.HostApplicationBuilder.Build()
   at Microsoft.AspNetCore.Builder.WebApplicationBuilder.Build()
   at Program.<Main>$(String[] args) in E:\Aspnet-B10\Blog.Web\Blog\Blog.Web\Program.cs:line 99
2024-08-11 17:29:35.252 +06:00 [INF] application is starting
2024-08-11 17:29:35.399 +06:00 [INF] Server=DESKTOP-5ALLRCU\SQLEXPRESS;Database=Blog;Trusted_Connection=True;TrustServerCertificate=True;MultipleActiveResultSets=true
2024-08-11 17:29:35.610 +06:00 [FTL] failed to start the Program
Microsoft.Extensions.Hosting.HostAbortedException: The host was aborted.
   at Microsoft.Extensions.Hosting.HostFactoryResolver.HostingListener.ThrowHostAborted()
   at Microsoft.Extensions.Hosting.HostFactoryResolver.HostingListener.OnNext(KeyValuePair`2 value)
   at System.Diagnostics.DiagnosticListener.Write(String name, Object value)
   at Microsoft.Extensions.Hosting.HostBuilder.ResolveHost(IServiceProvider serviceProvider, DiagnosticListener diagnosticListener)
   at Microsoft.Extensions.Hosting.HostApplicationBuilder.Build()
   at Microsoft.AspNetCore.Builder.WebApplicationBuilder.Build()
   at Program.<Main>$(String[] args) in E:\Aspnet-B10\Blog.Web\Blog\Blog.Web\Program.cs:line 99
2024-08-11 17:36:41.072 +06:00 [INF] application is starting
2024-08-11 17:36:41.353 +06:00 [INF] Server=DESKTOP-5ALLRCU\SQLEXPRESS;Database=Blog;Trusted_Connection=True;TrustServerCertificate=True;MultipleActiveResultSets=true
2024-08-11 17:36:42.060 +06:00 [FTL] failed to start the Program
Microsoft.Extensions.Hosting.HostAbortedException: The host was aborted.
   at Microsoft.Extensions.Hosting.HostFactoryResolver.HostingListener.ThrowHostAborted()
   at Microsoft.Extensions.Hosting.HostFactoryResolver.HostingListener.OnNext(KeyValuePair`2 value)
   at System.Diagnostics.DiagnosticListener.Write(String name, Object value)
   at Microsoft.Extensions.Hosting.HostBuilder.ResolveHost(IServiceProvider serviceProvider, DiagnosticListener diagnosticListener)
   at Microsoft.Extensions.Hosting.HostApplicationBuilder.Build()
   at Microsoft.AspNetCore.Builder.WebApplicationBuilder.Build()
   at Program.<Main>$(String[] args) in E:\Aspnet-B10\Blog.Web\Blog\Blog.Web\Program.cs:line 99
2024-08-11 17:37:40.671 +06:00 [INF] application is starting
2024-08-11 17:37:40.901 +06:00 [INF] Server=DESKTOP-5ALLRCU\SQLEXPRESS;Database=Blog;Trusted_Connection=True;TrustServerCertificate=True;MultipleActiveResultSets=true
2024-08-11 17:37:41.333 +06:00 [FTL] failed to start the Program
Microsoft.Extensions.Hosting.HostAbortedException: The host was aborted.
   at Microsoft.Extensions.Hosting.HostFactoryResolver.HostingListener.ThrowHostAborted()
   at Microsoft.Extensions.Hosting.HostFactoryResolver.HostingListener.OnNext(KeyValuePair`2 value)
   at System.Diagnostics.DiagnosticListener.Write(String name, Object value)
   at Microsoft.Extensions.Hosting.HostBuilder.ResolveHost(IServiceProvider serviceProvider, DiagnosticListener diagnosticListener)
   at Microsoft.Extensions.Hosting.HostApplicationBuilder.Build()
   at Microsoft.AspNetCore.Builder.WebApplicationBuilder.Build()
   at Program.<Main>$(String[] args) in E:\Aspnet-B10\Blog.Web\Blog\Blog.Web\Program.cs:line 99
2024-08-11 17:38:28.220 +06:00 [INF] application is starting
2024-08-11 17:38:28.295 +06:00 [INF] Server=DESKTOP-5ALLRCU\SQLEXPRESS;Database=Blog;Trusted_Connection=True;TrustServerCertificate=True;MultipleActiveResultSets=true
2024-08-11 17:38:28.664 +06:00 [FTL] failed to start the Program
Microsoft.Extensions.Hosting.HostAbortedException: The host was aborted.
   at Microsoft.Extensions.Hosting.HostFactoryResolver.HostingListener.ThrowHostAborted()
   at Microsoft.Extensions.Hosting.HostFactoryResolver.HostingListener.OnNext(KeyValuePair`2 value)
   at System.Diagnostics.DiagnosticListener.Write(String name, Object value)
   at Microsoft.Extensions.Hosting.HostBuilder.ResolveHost(IServiceProvider serviceProvider, DiagnosticListener diagnosticListener)
   at Microsoft.Extensions.Hosting.HostApplicationBuilder.Build()
   at Microsoft.AspNetCore.Builder.WebApplicationBuilder.Build()
   at Program.<Main>$(String[] args) in E:\Aspnet-B10\Blog.Web\Blog\Blog.Web\Program.cs:line 99
2024-08-11 17:38:51.543 +06:00 [INF] application is starting
2024-08-11 17:38:51.792 +06:00 [INF] Server=DESKTOP-5ALLRCU\SQLEXPRESS;Database=Blog;Trusted_Connection=True;TrustServerCertificate=True;MultipleActiveResultSets=true
2024-08-11 17:38:52.132 +06:00 [FTL] failed to start the Program
Microsoft.Extensions.Hosting.HostAbortedException: The host was aborted.
   at Microsoft.Extensions.Hosting.HostFactoryResolver.HostingListener.ThrowHostAborted()
   at Microsoft.Extensions.Hosting.HostFactoryResolver.HostingListener.OnNext(KeyValuePair`2 value)
   at System.Diagnostics.DiagnosticListener.Write(String name, Object value)
   at Microsoft.Extensions.Hosting.HostBuilder.ResolveHost(IServiceProvider serviceProvider, DiagnosticListener diagnosticListener)
   at Microsoft.Extensions.Hosting.HostApplicationBuilder.Build()
   at Microsoft.AspNetCore.Builder.WebApplicationBuilder.Build()
   at Program.<Main>$(String[] args) in E:\Aspnet-B10\Blog.Web\Blog\Blog.Web\Program.cs:line 99
2024-08-11 17:39:36.055 +06:00 [INF] application is starting
2024-08-11 17:39:36.292 +06:00 [INF] Server=DESKTOP-5ALLRCU\SQLEXPRESS;Database=Blog;Trusted_Connection=True;TrustServerCertificate=True;MultipleActiveResultSets=true
2024-08-11 17:39:36.652 +06:00 [FTL] failed to start the Program
Microsoft.Extensions.Hosting.HostAbortedException: The host was aborted.
   at Microsoft.Extensions.Hosting.HostFactoryResolver.HostingListener.ThrowHostAborted()
   at Microsoft.Extensions.Hosting.HostFactoryResolver.HostingListener.OnNext(KeyValuePair`2 value)
   at System.Diagnostics.DiagnosticListener.Write(String name, Object value)
   at Microsoft.Extensions.Hosting.HostBuilder.ResolveHost(IServiceProvider serviceProvider, DiagnosticListener diagnosticListener)
   at Microsoft.Extensions.Hosting.HostApplicationBuilder.Build()
   at Microsoft.AspNetCore.Builder.WebApplicationBuilder.Build()
   at Program.<Main>$(String[] args) in E:\Aspnet-B10\Blog.Web\Blog\Blog.Web\Program.cs:line 99
2024-08-11 17:39:52.843 +06:00 [INF] application is starting
2024-08-11 17:39:52.915 +06:00 [INF] Server=DESKTOP-5ALLRCU\SQLEXPRESS;Database=Blog;Trusted_Connection=True;TrustServerCertificate=True;MultipleActiveResultSets=true
2024-08-11 17:39:53.111 +06:00 [FTL] failed to start the Program
Microsoft.Extensions.Hosting.HostAbortedException: The host was aborted.
   at Microsoft.Extensions.Hosting.HostFactoryResolver.HostingListener.ThrowHostAborted()
   at Microsoft.Extensions.Hosting.HostFactoryResolver.HostingListener.OnNext(KeyValuePair`2 value)
   at System.Diagnostics.DiagnosticListener.Write(String name, Object value)
   at Microsoft.Extensions.Hosting.HostBuilder.ResolveHost(IServiceProvider serviceProvider, DiagnosticListener diagnosticListener)
   at Microsoft.Extensions.Hosting.HostApplicationBuilder.Build()
   at Microsoft.AspNetCore.Builder.WebApplicationBuilder.Build()
   at Program.<Main>$(String[] args) in E:\Aspnet-B10\Blog.Web\Blog\Blog.Web\Program.cs:line 99
2024-08-11 17:41:14.250 +06:00 [INF] application is starting
2024-08-11 17:41:14.500 +06:00 [INF] Server=DESKTOP-5ALLRCU\SQLEXPRESS;Database=Blog;Trusted_Connection=True;TrustServerCertificate=True;MultipleActiveResultSets=true
2024-08-11 17:41:14.919 +06:00 [FTL] failed to start the Program
Microsoft.Extensions.Hosting.HostAbortedException: The host was aborted.
   at Microsoft.Extensions.Hosting.HostFactoryResolver.HostingListener.ThrowHostAborted()
   at Microsoft.Extensions.Hosting.HostFactoryResolver.HostingListener.OnNext(KeyValuePair`2 value)
   at System.Diagnostics.DiagnosticListener.Write(String name, Object value)
   at Microsoft.Extensions.Hosting.HostBuilder.ResolveHost(IServiceProvider serviceProvider, DiagnosticListener diagnosticListener)
   at Microsoft.Extensions.Hosting.HostApplicationBuilder.Build()
   at Microsoft.AspNetCore.Builder.WebApplicationBuilder.Build()
   at Program.<Main>$(String[] args) in E:\Aspnet-B10\Blog.Web\Blog\Blog.Web\Program.cs:line 99
2024-08-11 17:41:53.897 +06:00 [INF] application is starting
2024-08-11 17:41:54.218 +06:00 [INF] Server=DESKTOP-5ALLRCU\SQLEXPRESS;Database=Blog;Trusted_Connection=True;TrustServerCertificate=True;MultipleActiveResultSets=true
2024-08-11 17:41:54.584 +06:00 [FTL] failed to start the Program
Microsoft.Extensions.Hosting.HostAbortedException: The host was aborted.
   at Microsoft.Extensions.Hosting.HostFactoryResolver.HostingListener.ThrowHostAborted()
   at Microsoft.Extensions.Hosting.HostFactoryResolver.HostingListener.OnNext(KeyValuePair`2 value)
   at System.Diagnostics.DiagnosticListener.Write(String name, Object value)
   at Microsoft.Extensions.Hosting.HostBuilder.ResolveHost(IServiceProvider serviceProvider, DiagnosticListener diagnosticListener)
   at Microsoft.Extensions.Hosting.HostApplicationBuilder.Build()
   at Microsoft.AspNetCore.Builder.WebApplicationBuilder.Build()
   at Program.<Main>$(String[] args) in E:\Aspnet-B10\Blog.Web\Blog\Blog.Web\Program.cs:line 99
2024-08-11 17:47:37.678 +06:00 [INF] application is starting
2024-08-11 17:47:38.086 +06:00 [INF] Server=DESKTOP-5ALLRCU\SQLEXPRESS;Database=Blog;Trusted_Connection=True;TrustServerCertificate=True;MultipleActiveResultSets=true
2024-08-11 17:47:38.505 +06:00 [FTL] failed to start the Program
Microsoft.Extensions.Hosting.HostAbortedException: The host was aborted.
   at Microsoft.Extensions.Hosting.HostFactoryResolver.HostingListener.ThrowHostAborted()
   at Microsoft.Extensions.Hosting.HostFactoryResolver.HostingListener.OnNext(KeyValuePair`2 value)
   at System.Diagnostics.DiagnosticListener.Write(String name, Object value)
   at Microsoft.Extensions.Hosting.HostBuilder.ResolveHost(IServiceProvider serviceProvider, DiagnosticListener diagnosticListener)
   at Microsoft.Extensions.Hosting.HostApplicationBuilder.Build()
   at Microsoft.AspNetCore.Builder.WebApplicationBuilder.Build()
   at Program.<Main>$(String[] args) in E:\Aspnet-B10\Blog.Web\Blog\Blog.Web\Program.cs:line 99
2024-08-11 18:25:58.522 +06:00 [INF] application is starting
2024-08-11 18:25:58.648 +06:00 [INF] Server=DESKTOP-5ALLRCU\SQLEXPRESS;Database=Blog;Trusted_Connection=True;TrustServerCertificate=True;MultipleActiveResultSets=true
2024-08-11 18:25:58.982 +06:00 [FTL] failed to start the Program
Microsoft.Extensions.Hosting.HostAbortedException: The host was aborted.
   at Microsoft.Extensions.Hosting.HostFactoryResolver.HostingListener.ThrowHostAborted()
   at Microsoft.Extensions.Hosting.HostFactoryResolver.HostingListener.OnNext(KeyValuePair`2 value)
   at System.Diagnostics.DiagnosticListener.Write(String name, Object value)
   at Microsoft.Extensions.Hosting.HostBuilder.ResolveHost(IServiceProvider serviceProvider, DiagnosticListener diagnosticListener)
   at Microsoft.Extensions.Hosting.HostApplicationBuilder.Build()
   at Microsoft.AspNetCore.Builder.WebApplicationBuilder.Build()
   at Program.<Main>$(String[] args) in E:\Aspnet-B10\Blog.Web\Blog\Blog.Web\Program.cs:line 99
2024-08-11 18:27:10.344 +06:00 [INF] application is starting
2024-08-11 18:27:10.541 +06:00 [INF] Server=DESKTOP-5ALLRCU\SQLEXPRESS;Database=Blog;Trusted_Connection=True;TrustServerCertificate=True;MultipleActiveResultSets=true
2024-08-11 18:27:10.843 +06:00 [FTL] failed to start the Program
Microsoft.Extensions.Hosting.HostAbortedException: The host was aborted.
   at Microsoft.Extensions.Hosting.HostFactoryResolver.HostingListener.ThrowHostAborted()
   at Microsoft.Extensions.Hosting.HostFactoryResolver.HostingListener.OnNext(KeyValuePair`2 value)
   at System.Diagnostics.DiagnosticListener.Write(String name, Object value)
   at Microsoft.Extensions.Hosting.HostBuilder.ResolveHost(IServiceProvider serviceProvider, DiagnosticListener diagnosticListener)
   at Microsoft.Extensions.Hosting.HostApplicationBuilder.Build()
   at Microsoft.AspNetCore.Builder.WebApplicationBuilder.Build()
   at Program.<Main>$(String[] args) in E:\Aspnet-B10\Blog.Web\Blog\Blog.Web\Program.cs:line 99
