2024-08-17 00:44:27.017 +06:00 [INF] application is starting
2024-08-17 00:44:27.638 +06:00 [INF] Server=DESKTOP-5ALLRCU\SQLEXPRESS;Database=Blog;Trusted_Connection=True;TrustServerCertificate=True;MultipleActiveResultSets=true
2024-08-17 00:44:30.853 +06:00 [INF] index
2024-08-17 00:44:42.728 +06:00 [ERR] An unhandled exception has occurred while executing the request.
System.InvalidOperationException: The partial view '_ResponsePartial' was not found. The following locations were searched:
/Areas/Admin/Views/BlogPost/_ResponsePartial.cshtml
/Areas/Admin/Views/Shared/_ResponsePartial.cshtml
/Views/Shared/_ResponsePartial.cshtml
/Pages/Shared/_ResponsePartial.cshtml
   at Microsoft.AspNetCore.Mvc.TagHelpers.PartialTagHelper.ProcessAsync(TagHelperContext context, TagHelperOutput output)
   at Microsoft.AspNetCore.Razor.Runtime.TagHelpers.TagHelperRunner.<RunAsync>g__Awaited|0_0(Task task, TagHelperExecutionContext executionContext, Int32 i, Int32 count)
   at AspNetCoreGeneratedDocument.Areas_Admin_Views_BlogPost_IndexSP.ExecuteAsync() in E:\Aspnet-B10\Blog.Web\Blog\Blog.Web\Areas\Admin\Views\BlogPost\IndexSP.cshtml:line 181
   at Microsoft.AspNetCore.Mvc.Razor.RazorView.RenderPageCoreAsync(IRazorPage page, ViewContext context)
   at Microsoft.AspNetCore.Mvc.Razor.RazorView.RenderPageAsync(IRazorPage page, ViewContext context, Boolean invokeViewStarts)
   at Microsoft.AspNetCore.Mvc.Razor.RazorView.RenderAsync(ViewContext context)
   at Microsoft.AspNetCore.Mvc.ViewFeatures.ViewExecutor.ExecuteAsync(ViewContext viewContext, String contentType, Nullable`1 statusCode)
   at Microsoft.AspNetCore.Mvc.ViewFeatures.ViewExecutor.ExecuteAsync(ViewContext viewContext, String contentType, Nullable`1 statusCode)
   at Microsoft.AspNetCore.Mvc.ViewFeatures.ViewExecutor.ExecuteAsync(ActionContext actionContext, IView view, ViewDataDictionary viewData, ITempDataDictionary tempData, String contentType, Nullable`1 statusCode)
   at Microsoft.AspNetCore.Mvc.ViewFeatures.ViewResultExecutor.ExecuteAsync(ActionContext context, ViewResult result)
   at Microsoft.AspNetCore.Mvc.ViewResult.ExecuteResultAsync(ActionContext context)
   at Microsoft.AspNetCore.Mvc.Infrastructure.ResourceInvoker.<InvokeNextResultFilterAsync>g__Awaited|30_0[TFilter,TFilterAsync](ResourceInvoker invoker, Task lastTask, State next, Scope scope, Object state, Boolean isCompleted)
   at Microsoft.AspNetCore.Mvc.Infrastructure.ResourceInvoker.Rethrow(ResultExecutedContextSealed context)
   at Microsoft.AspNetCore.Mvc.Infrastructure.ResourceInvoker.ResultNext[TFilter,TFilterAsync](State& next, Scope& scope, Object& state, Boolean& isCompleted)
   at Microsoft.AspNetCore.Mvc.Infrastructure.ResourceInvoker.InvokeResultFilters()
--- End of stack trace from previous location ---
   at Microsoft.AspNetCore.Mvc.Infrastructure.ResourceInvoker.<InvokeNextResourceFilter>g__Awaited|25_0(ResourceInvoker invoker, Task lastTask, State next, Scope scope, Object state, Boolean isCompleted)
   at Microsoft.AspNetCore.Mvc.Infrastructure.ResourceInvoker.Rethrow(ResourceExecutedContextSealed context)
   at Microsoft.AspNetCore.Mvc.Infrastructure.ResourceInvoker.Next(State& next, Scope& scope, Object& state, Boolean& isCompleted)
   at Microsoft.AspNetCore.Mvc.Infrastructure.ResourceInvoker.InvokeFilterPipelineAsync()
--- End of stack trace from previous location ---
   at Microsoft.AspNetCore.Mvc.Infrastructure.ResourceInvoker.<InvokeAsync>g__Awaited|17_0(ResourceInvoker invoker, Task task, IDisposable scope)
   at Microsoft.AspNetCore.Mvc.Infrastructure.ResourceInvoker.<InvokeAsync>g__Awaited|17_0(ResourceInvoker invoker, Task task, IDisposable scope)
   at Microsoft.AspNetCore.Authorization.AuthorizationMiddleware.Invoke(HttpContext context)
   at Microsoft.AspNetCore.Authentication.AuthenticationMiddleware.Invoke(HttpContext context)
   at Microsoft.AspNetCore.Diagnostics.DeveloperExceptionPageMiddlewareImpl.Invoke(HttpContext context)
2024-08-17 00:45:48.362 +06:00 [INF] application is starting
2024-08-17 00:45:48.843 +06:00 [INF] Server=DESKTOP-5ALLRCU\SQLEXPRESS;Database=Blog;Trusted_Connection=True;TrustServerCertificate=True;MultipleActiveResultSets=true
2024-08-17 00:45:51.110 +06:00 [INF] index
2024-08-17 11:44:28.731 +06:00 [INF] application is starting
2024-08-17 11:44:29.606 +06:00 [INF] Server=DESKTOP-5ALLRCU\SQLEXPRESS;Database=Blog;Trusted_Connection=True;TrustServerCertificate=True;MultipleActiveResultSets=true
2024-08-17 11:44:33.369 +06:00 [INF] index
2024-08-17 11:47:57.265 +06:00 [INF] application is starting
2024-08-17 11:47:57.508 +06:00 [INF] Server=DESKTOP-5ALLRCU\SQLEXPRESS;Database=Blog;Trusted_Connection=True;TrustServerCertificate=True;MultipleActiveResultSets=true
2024-08-17 11:47:59.908 +06:00 [INF] index
2024-08-17 11:49:11.988 +06:00 [INF] application is starting
2024-08-17 11:49:12.245 +06:00 [INF] Server=DESKTOP-5ALLRCU\SQLEXPRESS;Database=Blog;Trusted_Connection=True;TrustServerCertificate=True;MultipleActiveResultSets=true
2024-08-17 11:49:14.482 +06:00 [INF] index
2024-08-17 11:53:25.151 +06:00 [INF] application is starting
2024-08-17 11:53:25.605 +06:00 [INF] Server=DESKTOP-5ALLRCU\SQLEXPRESS;Database=Blog;Trusted_Connection=True;TrustServerCertificate=True;MultipleActiveResultSets=true
2024-08-17 11:53:28.083 +06:00 [INF] index
2024-08-17 11:56:02.546 +06:00 [INF] application is starting
2024-08-17 11:56:02.793 +06:00 [INF] Server=DESKTOP-5ALLRCU\SQLEXPRESS;Database=Blog;Trusted_Connection=True;TrustServerCertificate=True;MultipleActiveResultSets=true
2024-08-17 11:56:05.170 +06:00 [INF] index
2024-08-17 12:01:04.689 +06:00 [INF] application is starting
2024-08-17 12:01:04.921 +06:00 [INF] Server=DESKTOP-5ALLRCU\SQLEXPRESS;Database=Blog;Trusted_Connection=True;TrustServerCertificate=True;MultipleActiveResultSets=true
2024-08-17 12:01:07.200 +06:00 [INF] index
2024-08-17 12:23:34.123 +06:00 [INF] application is starting
2024-08-17 12:23:34.405 +06:00 [INF] Server=DESKTOP-5ALLRCU\SQLEXPRESS;Database=Blog;Trusted_Connection=True;TrustServerCertificate=True;MultipleActiveResultSets=true
2024-08-17 12:23:37.478 +06:00 [INF] index
2024-08-17 12:55:47.711 +06:00 [INF] application is starting
2024-08-17 12:55:48.074 +06:00 [INF] Server=DESKTOP-5ALLRCU\SQLEXPRESS;Database=Blog;Trusted_Connection=True;TrustServerCertificate=True;MultipleActiveResultSets=true
2024-08-17 12:55:50.824 +06:00 [INF] index
