2024-08-12 16:19:08.355 +06:00 [INF] application is starting
2024-08-12 16:19:08.692 +06:00 [INF] Server=DESKTOP-5ALLRCU\SQLEXPRESS;Database=Blog;Trusted_Connection=True;TrustServerCertificate=True;MultipleActiveResultSets=true
2024-08-12 16:19:09.163 +06:00 [FTL] failed to start the Program
Microsoft.Extensions.Hosting.HostAbortedException: The host was aborted.
   at Microsoft.Extensions.Hosting.HostFactoryResolver.HostingListener.ThrowHostAborted()
   at Microsoft.Extensions.Hosting.HostFactoryResolver.HostingListener.OnNext(KeyValuePair`2 value)
   at System.Diagnostics.DiagnosticListener.Write(String name, Object value)
   at Microsoft.Extensions.Hosting.HostBuilder.ResolveHost(IServiceProvider serviceProvider, DiagnosticListener diagnosticListener)
   at Microsoft.Extensions.Hosting.HostApplicationBuilder.Build()
   at Microsoft.AspNetCore.Builder.WebApplicationBuilder.Build()
   at Program.<Main>$(String[] args) in E:\Aspnet-B10\Blog.Web\Blog\Blog.Web\Program.cs:line 99
2024-08-12 16:20:02.873 +06:00 [INF] application is starting
2024-08-12 16:20:03.080 +06:00 [INF] Server=DESKTOP-5ALLRCU\SQLEXPRESS;Database=Blog;Trusted_Connection=True;TrustServerCertificate=True;MultipleActiveResultSets=true
2024-08-12 16:20:03.400 +06:00 [FTL] failed to start the Program
Microsoft.Extensions.Hosting.HostAbortedException: The host was aborted.
   at Microsoft.Extensions.Hosting.HostFactoryResolver.HostingListener.ThrowHostAborted()
   at Microsoft.Extensions.Hosting.HostFactoryResolver.HostingListener.OnNext(KeyValuePair`2 value)
   at System.Diagnostics.DiagnosticListener.Write(String name, Object value)
   at Microsoft.Extensions.Hosting.HostBuilder.ResolveHost(IServiceProvider serviceProvider, DiagnosticListener diagnosticListener)
   at Microsoft.Extensions.Hosting.HostApplicationBuilder.Build()
   at Microsoft.AspNetCore.Builder.WebApplicationBuilder.Build()
   at Program.<Main>$(String[] args) in E:\Aspnet-B10\Blog.Web\Blog\Blog.Web\Program.cs:line 99
2024-08-12 16:20:23.229 +06:00 [INF] application is starting
2024-08-12 16:20:23.302 +06:00 [INF] Server=DESKTOP-5ALLRCU\SQLEXPRESS;Database=Blog;Trusted_Connection=True;TrustServerCertificate=True;MultipleActiveResultSets=true
2024-08-12 16:20:23.473 +06:00 [FTL] failed to start the Program
Microsoft.Extensions.Hosting.HostAbortedException: The host was aborted.
   at Microsoft.Extensions.Hosting.HostFactoryResolver.HostingListener.ThrowHostAborted()
   at Microsoft.Extensions.Hosting.HostFactoryResolver.HostingListener.OnNext(KeyValuePair`2 value)
   at System.Diagnostics.DiagnosticListener.Write(String name, Object value)
   at Microsoft.Extensions.Hosting.HostBuilder.ResolveHost(IServiceProvider serviceProvider, DiagnosticListener diagnosticListener)
   at Microsoft.Extensions.Hosting.HostApplicationBuilder.Build()
   at Microsoft.AspNetCore.Builder.WebApplicationBuilder.Build()
   at Program.<Main>$(String[] args) in E:\Aspnet-B10\Blog.Web\Blog\Blog.Web\Program.cs:line 99
2024-08-12 16:21:51.790 +06:00 [INF] application is starting
2024-08-12 16:21:51.860 +06:00 [INF] Server=DESKTOP-5ALLRCU\SQLEXPRESS;Database=Blog;Trusted_Connection=True;TrustServerCertificate=True;MultipleActiveResultSets=true
2024-08-12 16:21:52.122 +06:00 [FTL] failed to start the Program
Microsoft.Extensions.Hosting.HostAbortedException: The host was aborted.
   at Microsoft.Extensions.Hosting.HostFactoryResolver.HostingListener.ThrowHostAborted()
   at Microsoft.Extensions.Hosting.HostFactoryResolver.HostingListener.OnNext(KeyValuePair`2 value)
   at System.Diagnostics.DiagnosticListener.Write(String name, Object value)
   at Microsoft.Extensions.Hosting.HostBuilder.ResolveHost(IServiceProvider serviceProvider, DiagnosticListener diagnosticListener)
   at Microsoft.Extensions.Hosting.HostApplicationBuilder.Build()
   at Microsoft.AspNetCore.Builder.WebApplicationBuilder.Build()
   at Program.<Main>$(String[] args) in E:\Aspnet-B10\Blog.Web\Blog\Blog.Web\Program.cs:line 99
