2024-07-06 17:27:04.905 +06:00 [INF] application is starting
2024-07-06 17:27:05.118 +06:00 [INF] Server=DESKTOP-5ALLRCU\SQLEXPRESS;Database=Blog;Trusted_Connection=True;TrustServerCertificate=True;MultipleActiveResultSets=true
2024-07-06 17:27:05.703 +06:00 [FTL] failed to start the Program
Microsoft.Extensions.Hosting.HostAbortedException: The host was aborted.
   at Microsoft.Extensions.Hosting.HostFactoryResolver.HostingListener.ThrowHostAborted()
   at Microsoft.Extensions.Hosting.HostFactoryResolver.HostingListener.OnNext(KeyValuePair`2 value)
   at System.Diagnostics.DiagnosticListener.Write(String name, Object value)
   at Microsoft.Extensions.Hosting.HostBuilder.ResolveHost(IServiceProvider serviceProvider, DiagnosticListener diagnosticListener)
   at Microsoft.Extensions.Hosting.HostApplicationBuilder.Build()
   at Microsoft.AspNetCore.Builder.WebApplicationBuilder.Build()
   at Program.<Main>$(String[] args) in E:\Aspnet-B10\Blog.Web\Blog\Blog.Web\Program.cs:line 94
2024-07-06 17:28:46.074 +06:00 [INF] application is starting
2024-07-06 17:28:46.262 +06:00 [INF] Server=DESKTOP-5ALLRCU\SQLEXPRESS;Database=Blog;Trusted_Connection=True;TrustServerCertificate=True;MultipleActiveResultSets=true
2024-07-06 17:28:46.576 +06:00 [FTL] failed to start the Program
Microsoft.Extensions.Hosting.HostAbortedException: The host was aborted.
   at Microsoft.Extensions.Hosting.HostFactoryResolver.HostingListener.ThrowHostAborted()
   at Microsoft.Extensions.Hosting.HostFactoryResolver.HostingListener.OnNext(KeyValuePair`2 value)
   at System.Diagnostics.DiagnosticListener.Write(String name, Object value)
   at Microsoft.Extensions.Hosting.HostBuilder.ResolveHost(IServiceProvider serviceProvider, DiagnosticListener diagnosticListener)
   at Microsoft.Extensions.Hosting.HostApplicationBuilder.Build()
   at Microsoft.AspNetCore.Builder.WebApplicationBuilder.Build()
   at Program.<Main>$(String[] args) in E:\Aspnet-B10\Blog.Web\Blog\Blog.Web\Program.cs:line 98
2024-07-06 17:30:14.782 +06:00 [INF] application is starting
2024-07-06 17:30:14.917 +06:00 [INF] Server=DESKTOP-5ALLRCU\SQLEXPRESS;Database=Blog;Trusted_Connection=True;TrustServerCertificate=True;MultipleActiveResultSets=true
2024-07-06 17:30:15.183 +06:00 [FTL] failed to start the Program
Microsoft.Extensions.Hosting.HostAbortedException: The host was aborted.
   at Microsoft.Extensions.Hosting.HostFactoryResolver.HostingListener.ThrowHostAborted()
   at Microsoft.Extensions.Hosting.HostFactoryResolver.HostingListener.OnNext(KeyValuePair`2 value)
   at System.Diagnostics.DiagnosticListener.Write(String name, Object value)
   at Microsoft.Extensions.Hosting.HostBuilder.ResolveHost(IServiceProvider serviceProvider, DiagnosticListener diagnosticListener)
   at Microsoft.Extensions.Hosting.HostApplicationBuilder.Build()
   at Microsoft.AspNetCore.Builder.WebApplicationBuilder.Build()
   at Program.<Main>$(String[] args) in E:\Aspnet-B10\Blog.Web\Blog\Blog.Web\Program.cs:line 97
2024-07-06 17:32:32.584 +06:00 [INF] application is starting
2024-07-06 17:32:32.749 +06:00 [INF] Server=DESKTOP-5ALLRCU\SQLEXPRESS;Database=Blog;Trusted_Connection=True;TrustServerCertificate=True;MultipleActiveResultSets=true
2024-07-06 17:32:33.099 +06:00 [FTL] failed to start the Program
Microsoft.Extensions.Hosting.HostAbortedException: The host was aborted.
   at Microsoft.Extensions.Hosting.HostFactoryResolver.HostingListener.ThrowHostAborted()
   at Microsoft.Extensions.Hosting.HostFactoryResolver.HostingListener.OnNext(KeyValuePair`2 value)
   at System.Diagnostics.DiagnosticListener.Write(String name, Object value)
   at Microsoft.Extensions.Hosting.HostBuilder.ResolveHost(IServiceProvider serviceProvider, DiagnosticListener diagnosticListener)
   at Microsoft.Extensions.Hosting.HostApplicationBuilder.Build()
   at Microsoft.AspNetCore.Builder.WebApplicationBuilder.Build()
   at Program.<Main>$(String[] args) in E:\Aspnet-B10\Blog.Web\Blog\Blog.Web\Program.cs:line 97
2024-07-06 17:37:30.553 +06:00 [INF] application is starting
2024-07-06 17:37:30.621 +06:00 [INF] Server=DESKTOP-5ALLRCU\SQLEXPRESS;Database=Blog;Trusted_Connection=True;TrustServerCertificate=True;MultipleActiveResultSets=true
2024-07-06 17:37:30.784 +06:00 [FTL] failed to start the Program
Microsoft.Extensions.Hosting.HostAbortedException: The host was aborted.
   at Microsoft.Extensions.Hosting.HostFactoryResolver.HostingListener.ThrowHostAborted()
   at Microsoft.Extensions.Hosting.HostFactoryResolver.HostingListener.OnNext(KeyValuePair`2 value)
   at System.Diagnostics.DiagnosticListener.Write(String name, Object value)
   at Microsoft.Extensions.Hosting.HostBuilder.ResolveHost(IServiceProvider serviceProvider, DiagnosticListener diagnosticListener)
   at Microsoft.Extensions.Hosting.HostApplicationBuilder.Build()
   at Microsoft.AspNetCore.Builder.WebApplicationBuilder.Build()
   at Program.<Main>$(String[] args) in E:\Aspnet-B10\Blog.Web\Blog\Blog.Web\Program.cs:line 98
2024-07-06 17:39:53.104 +06:00 [INF] application is starting
2024-07-06 17:39:53.176 +06:00 [INF] Server=DESKTOP-5ALLRCU\SQLEXPRESS;Database=Blog;Trusted_Connection=True;TrustServerCertificate=True;MultipleActiveResultSets=true
2024-07-06 17:39:53.348 +06:00 [FTL] failed to start the Program
Microsoft.Extensions.Hosting.HostAbortedException: The host was aborted.
   at Microsoft.Extensions.Hosting.HostFactoryResolver.HostingListener.ThrowHostAborted()
   at Microsoft.Extensions.Hosting.HostFactoryResolver.HostingListener.OnNext(KeyValuePair`2 value)
   at System.Diagnostics.DiagnosticListener.Write(String name, Object value)
   at Microsoft.Extensions.Hosting.HostBuilder.ResolveHost(IServiceProvider serviceProvider, DiagnosticListener diagnosticListener)
   at Microsoft.Extensions.Hosting.HostApplicationBuilder.Build()
   at Microsoft.AspNetCore.Builder.WebApplicationBuilder.Build()
   at Program.<Main>$(String[] args) in E:\Aspnet-B10\Blog.Web\Blog\Blog.Web\Program.cs:line 98
2024-07-06 17:46:36.754 +06:00 [INF] application is starting
2024-07-06 17:46:36.913 +06:00 [INF] Server=DESKTOP-5ALLRCU\SQLEXPRESS;Database=Blog;Trusted_Connection=True;TrustServerCertificate=True;MultipleActiveResultSets=true
2024-07-06 17:46:37.171 +06:00 [FTL] failed to start the Program
Microsoft.Extensions.Hosting.HostAbortedException: The host was aborted.
   at Microsoft.Extensions.Hosting.HostFactoryResolver.HostingListener.ThrowHostAborted()
   at Microsoft.Extensions.Hosting.HostFactoryResolver.HostingListener.OnNext(KeyValuePair`2 value)
   at System.Diagnostics.DiagnosticListener.Write(String name, Object value)
   at Microsoft.Extensions.Hosting.HostBuilder.ResolveHost(IServiceProvider serviceProvider, DiagnosticListener diagnosticListener)
   at Microsoft.Extensions.Hosting.HostApplicationBuilder.Build()
   at Microsoft.AspNetCore.Builder.WebApplicationBuilder.Build()
   at Program.<Main>$(String[] args) in E:\Aspnet-B10\Blog.Web\Blog\Blog.Web\Program.cs:line 98
2024-07-06 17:48:27.934 +06:00 [INF] application is starting
2024-07-06 17:48:28.017 +06:00 [INF] Server=DESKTOP-5ALLRCU\SQLEXPRESS;Database=Blog;Trusted_Connection=True;TrustServerCertificate=True;MultipleActiveResultSets=true
2024-07-06 17:48:28.198 +06:00 [FTL] failed to start the Program
Microsoft.Extensions.Hosting.HostAbortedException: The host was aborted.
   at Microsoft.Extensions.Hosting.HostFactoryResolver.HostingListener.ThrowHostAborted()
   at Microsoft.Extensions.Hosting.HostFactoryResolver.HostingListener.OnNext(KeyValuePair`2 value)
   at System.Diagnostics.DiagnosticListener.Write(String name, Object value)
   at Microsoft.Extensions.Hosting.HostBuilder.ResolveHost(IServiceProvider serviceProvider, DiagnosticListener diagnosticListener)
   at Microsoft.Extensions.Hosting.HostApplicationBuilder.Build()
   at Microsoft.AspNetCore.Builder.WebApplicationBuilder.Build()
   at Program.<Main>$(String[] args) in E:\Aspnet-B10\Blog.Web\Blog\Blog.Web\Program.cs:line 98
2024-07-06 17:51:39.229 +06:00 [INF] application is starting
2024-07-06 17:51:39.302 +06:00 [INF] Server=DESKTOP-5ALLRCU\SQLEXPRESS;Database=Blog;Trusted_Connection=True;TrustServerCertificate=True;MultipleActiveResultSets=true
2024-07-06 17:51:39.590 +06:00 [FTL] failed to start the Program
Microsoft.Extensions.Hosting.HostAbortedException: The host was aborted.
   at Microsoft.Extensions.Hosting.HostFactoryResolver.HostingListener.ThrowHostAborted()
   at Microsoft.Extensions.Hosting.HostFactoryResolver.HostingListener.OnNext(KeyValuePair`2 value)
   at System.Diagnostics.DiagnosticListener.Write(String name, Object value)
   at Microsoft.Extensions.Hosting.HostBuilder.ResolveHost(IServiceProvider serviceProvider, DiagnosticListener diagnosticListener)
   at Microsoft.Extensions.Hosting.HostApplicationBuilder.Build()
   at Microsoft.AspNetCore.Builder.WebApplicationBuilder.Build()
   at Program.<Main>$(String[] args) in E:\Aspnet-B10\Blog.Web\Blog\Blog.Web\Program.cs:line 99
2024-07-06 17:52:23.099 +06:00 [INF] application is starting
2024-07-06 17:52:23.179 +06:00 [INF] Server=DESKTOP-5ALLRCU\SQLEXPRESS;Database=Blog;Trusted_Connection=True;TrustServerCertificate=True;MultipleActiveResultSets=true
2024-07-06 17:52:23.464 +06:00 [FTL] failed to start the Program
Microsoft.Extensions.Hosting.HostAbortedException: The host was aborted.
   at Microsoft.Extensions.Hosting.HostFactoryResolver.HostingListener.ThrowHostAborted()
   at Microsoft.Extensions.Hosting.HostFactoryResolver.HostingListener.OnNext(KeyValuePair`2 value)
   at System.Diagnostics.DiagnosticListener.Write(String name, Object value)
   at Microsoft.Extensions.Hosting.HostBuilder.ResolveHost(IServiceProvider serviceProvider, DiagnosticListener diagnosticListener)
   at Microsoft.Extensions.Hosting.HostApplicationBuilder.Build()
   at Microsoft.AspNetCore.Builder.WebApplicationBuilder.Build()
   at Program.<Main>$(String[] args) in E:\Aspnet-B10\Blog.Web\Blog\Blog.Web\Program.cs:line 99
2024-07-06 17:53:49.557 +06:00 [INF] application is starting
2024-07-06 17:53:49.695 +06:00 [INF] Server=DESKTOP-5ALLRCU\SQLEXPRESS;Database=Blog;Trusted_Connection=True;TrustServerCertificate=True;MultipleActiveResultSets=true
2024-07-06 17:53:49.967 +06:00 [FTL] failed to start the Program
Microsoft.Extensions.Hosting.HostAbortedException: The host was aborted.
   at Microsoft.Extensions.Hosting.HostFactoryResolver.HostingListener.ThrowHostAborted()
   at Microsoft.Extensions.Hosting.HostFactoryResolver.HostingListener.OnNext(KeyValuePair`2 value)
   at System.Diagnostics.DiagnosticListener.Write(String name, Object value)
   at Microsoft.Extensions.Hosting.HostBuilder.ResolveHost(IServiceProvider serviceProvider, DiagnosticListener diagnosticListener)
   at Microsoft.Extensions.Hosting.HostApplicationBuilder.Build()
   at Microsoft.AspNetCore.Builder.WebApplicationBuilder.Build()
   at Program.<Main>$(String[] args) in E:\Aspnet-B10\Blog.Web\Blog\Blog.Web\Program.cs:line 99
2024-07-06 18:11:58.568 +06:00 [INF] application is starting
2024-07-06 18:11:58.804 +06:00 [INF] Server=DESKTOP-5ALLRCU\SQLEXPRESS;Database=Blog;Trusted_Connection=True;TrustServerCertificate=True;MultipleActiveResultSets=true
2024-07-06 18:11:59.118 +06:00 [FTL] failed to start the Program
Microsoft.Extensions.Hosting.HostAbortedException: The host was aborted.
   at Microsoft.Extensions.Hosting.HostFactoryResolver.HostingListener.ThrowHostAborted()
   at Microsoft.Extensions.Hosting.HostFactoryResolver.HostingListener.OnNext(KeyValuePair`2 value)
   at System.Diagnostics.DiagnosticListener.Write(String name, Object value)
   at Microsoft.Extensions.Hosting.HostBuilder.ResolveHost(IServiceProvider serviceProvider, DiagnosticListener diagnosticListener)
   at Microsoft.Extensions.Hosting.HostApplicationBuilder.Build()
   at Microsoft.AspNetCore.Builder.WebApplicationBuilder.Build()
   at Program.<Main>$(String[] args) in E:\Aspnet-B10\Blog.Web\Blog\Blog.Web\Program.cs:line 99
2024-07-06 18:12:55.909 +06:00 [INF] application is starting
2024-07-06 18:12:56.112 +06:00 [INF] Server=DESKTOP-5ALLRCU\SQLEXPRESS;Database=Blog;Trusted_Connection=True;TrustServerCertificate=True;MultipleActiveResultSets=true
2024-07-06 18:12:56.445 +06:00 [FTL] failed to start the Program
Microsoft.Extensions.Hosting.HostAbortedException: The host was aborted.
   at Microsoft.Extensions.Hosting.HostFactoryResolver.HostingListener.ThrowHostAborted()
   at Microsoft.Extensions.Hosting.HostFactoryResolver.HostingListener.OnNext(KeyValuePair`2 value)
   at System.Diagnostics.DiagnosticListener.Write(String name, Object value)
   at Microsoft.Extensions.Hosting.HostBuilder.ResolveHost(IServiceProvider serviceProvider, DiagnosticListener diagnosticListener)
   at Microsoft.Extensions.Hosting.HostApplicationBuilder.Build()
   at Microsoft.AspNetCore.Builder.WebApplicationBuilder.Build()
   at Program.<Main>$(String[] args) in E:\Aspnet-B10\Blog.Web\Blog\Blog.Web\Program.cs:line 99
2024-07-06 18:13:47.420 +06:00 [INF] application is starting
2024-07-06 18:13:47.503 +06:00 [INF] Server=DESKTOP-5ALLRCU\SQLEXPRESS;Database=Blog;Trusted_Connection=True;TrustServerCertificate=True;MultipleActiveResultSets=true
2024-07-06 18:13:48.240 +06:00 [FTL] failed to start the Program
Microsoft.Extensions.Hosting.HostAbortedException: The host was aborted.
   at Microsoft.Extensions.Hosting.HostFactoryResolver.HostingListener.ThrowHostAborted()
   at Microsoft.Extensions.Hosting.HostFactoryResolver.HostingListener.OnNext(KeyValuePair`2 value)
   at System.Diagnostics.DiagnosticListener.Write(String name, Object value)
   at Microsoft.Extensions.Hosting.HostBuilder.ResolveHost(IServiceProvider serviceProvider, DiagnosticListener diagnosticListener)
   at Microsoft.Extensions.Hosting.HostApplicationBuilder.Build()
   at Microsoft.AspNetCore.Builder.WebApplicationBuilder.Build()
   at Program.<Main>$(String[] args) in E:\Aspnet-B10\Blog.Web\Blog\Blog.Web\Program.cs:line 99
2024-07-06 18:14:24.089 +06:00 [INF] application is starting
2024-07-06 18:14:24.171 +06:00 [INF] Server=DESKTOP-5ALLRCU\SQLEXPRESS;Database=Blog;Trusted_Connection=True;TrustServerCertificate=True;MultipleActiveResultSets=true
2024-07-06 18:14:24.397 +06:00 [FTL] failed to start the Program
Microsoft.Extensions.Hosting.HostAbortedException: The host was aborted.
   at Microsoft.Extensions.Hosting.HostFactoryResolver.HostingListener.ThrowHostAborted()
   at Microsoft.Extensions.Hosting.HostFactoryResolver.HostingListener.OnNext(KeyValuePair`2 value)
   at System.Diagnostics.DiagnosticListener.Write(String name, Object value)
   at Microsoft.Extensions.Hosting.HostBuilder.ResolveHost(IServiceProvider serviceProvider, DiagnosticListener diagnosticListener)
   at Microsoft.Extensions.Hosting.HostApplicationBuilder.Build()
   at Microsoft.AspNetCore.Builder.WebApplicationBuilder.Build()
   at Program.<Main>$(String[] args) in E:\Aspnet-B10\Blog.Web\Blog\Blog.Web\Program.cs:line 99
2024-07-06 18:15:06.703 +06:00 [INF] application is starting
2024-07-06 18:15:06.829 +06:00 [INF] Server=DESKTOP-5ALLRCU\SQLEXPRESS;Database=Blog;Trusted_Connection=True;TrustServerCertificate=True;MultipleActiveResultSets=true
2024-07-06 18:15:07.102 +06:00 [FTL] failed to start the Program
Microsoft.Extensions.Hosting.HostAbortedException: The host was aborted.
   at Microsoft.Extensions.Hosting.HostFactoryResolver.HostingListener.ThrowHostAborted()
   at Microsoft.Extensions.Hosting.HostFactoryResolver.HostingListener.OnNext(KeyValuePair`2 value)
   at System.Diagnostics.DiagnosticListener.Write(String name, Object value)
   at Microsoft.Extensions.Hosting.HostBuilder.ResolveHost(IServiceProvider serviceProvider, DiagnosticListener diagnosticListener)
   at Microsoft.Extensions.Hosting.HostApplicationBuilder.Build()
   at Microsoft.AspNetCore.Builder.WebApplicationBuilder.Build()
   at Program.<Main>$(String[] args) in E:\Aspnet-B10\Blog.Web\Blog\Blog.Web\Program.cs:line 99
2024-07-06 18:29:43.543 +06:00 [INF] application is starting
2024-07-06 18:29:44.943 +06:00 [INF] Server=DESKTOP-5ALLRCU\SQLEXPRESS;Database=Blog;Trusted_Connection=True;TrustServerCertificate=True;MultipleActiveResultSets=true
2024-07-06 18:29:49.554 +06:00 [INF] index
2024-07-06 23:25:38.613 +06:00 [INF] application is starting
2024-07-06 23:25:39.207 +06:00 [INF] Server=DESKTOP-5ALLRCU\SQLEXPRESS;Database=Blog;Trusted_Connection=True;TrustServerCertificate=True;MultipleActiveResultSets=true
2024-07-06 23:25:41.346 +06:00 [INF] index
